<?xml version="1.0" encoding="UTF-8"?>
<!-- Generated by org.testng.reporters.JUnitXMLReporter -->
<testsuite ignored="0" hostname="Nikhils-MacBook-Air.local" failures="0" tests="1" name="Test" time="0.366" errors="0" timestamp="2024-10-26T22:50:46 IST">
  <testcase classname="testCase.BaseClass" name="@BeforeClass setup" time="-1.729963245283E9">
    <failure type="org.testng.TestNGException" message="
Parameter &amp;apos;os&amp;apos; is required by BeforeClass on method setup but has not been marked @Optional or defined
in /Users/nikhiljain/work/CSPEXECUTION/testng.xml">
      <![CDATA[org.testng.TestNGException: 
Parameter 'os' is required by BeforeClass on method setup but has not been marked @Optional or defined
in /Users/nikhiljain/work/CSPEXECUTION/testng.xml
at java.base/java.util.ArrayList.forEach(ArrayList.java:1511)
... Removed 22 stack frames]]>
    </failure>
  </testcase> <!-- @BeforeClass setup -->
  <testcase classname="testCase.BaseClass" name="@AfterClass finish" time="0.0">
    <skipped/>
  </testcase> <!-- @AfterClass finish -->
  <testcase classname="testCase.TC_003_VerifyCSRNormalSearch" name="verifyNormalSearch" time="0.0">
    <skipped/>
  </testcase> <!-- verifyNormalSearch -->
</testsuite> <!-- Test -->
